0 info it worked if it ends with ok
1 verbose cli [ '/usr/local/bin/node', '/usr/local/bin/npm', 'install' ]
2 info using npm@2.15.5
3 info using node@v4.4.5
4 verbose readDependencies loading dependencies from /Users/smaharjan/Desktop/Git/ICC-Referral-Client/package.json
5 warn package.json icc-referral-client@0.0.1 license should be a valid SPDX license expression
6 verbose install where, deps [ '/Users/smaharjan/Desktop/Git/ICC-Referral-Client',
6 verbose install   [ 'axios',
6 verbose install     'classnames',
6 verbose install     'griddle-react',
6 verbose install     'joi',
6 verbose install     'lodash',
6 verbose install     'multireducer',
6 verbose install     'react',
6 verbose install     'react-addons',
6 verbose install     'react-bootstrap',
6 verbose install     'react-dom',
6 verbose install     'react-dropdown',
6 verbose install     'react-dropzone',
6 verbose install     'react-form-data',
6 verbose install     'react-jquery-datatables',
6 verbose install     'react-mixin',
6 verbose install     'react-redux',
6 verbose install     'react-router',
6 verbose install     'react-router-redux',
6 verbose install     'react-select-popover',
6 verbose install     'react-validation-mixin',
6 verbose install     'react-widgets',
6 verbose install     'redux',
6 verbose install     'redux-form',
6 verbose install     'redux-logger',
6 verbose install     'redux-thunk',
6 verbose install     'url-loader',
6 verbose install     'autoprefixer-loader',
6 verbose install     'babel-cli',
6 verbose install     'babel-core',
6 verbose install     'babel-eslint',
6 verbose install     'babel-loader',
6 verbose install     'babel-plugin-transform-decorators-legacy',
6 verbose install     'babel-preset-es2015',
6 verbose install     'babel-preset-react',
6 verbose install     'babel-preset-react-hmre',
6 verbose install     'babel-preset-stage-0',
6 verbose install     'babel-register',
6 verbose install     'body-parser',
6 verbose install     'chai',
6 verbose install     'css-loader',
6 verbose install     'eslint',
6 verbose install     'eslint-config-airbnb',
6 verbose install     'eslint-loader',
6 verbose install     'eslint-plugin-babel',
6 verbose install     'eslint-plugin-react',
6 verbose install     'eventsource-polyfill',
6 verbose install     'express',
6 verbose install     'express-session',
6 verbose install     'extract-text-webpack-plugin',
6 verbose install     'file-loader',
6 verbose install     'isparta',
6 verbose install     'isparta-instrumenter-loader',
6 verbose install     'istanbul',
6 verbose install     'mocha',
6 verbose install     'node-sass',
6 verbose install     'redux-devtools',
6 verbose install     'redux-devtools-dock-monitor',
6 verbose install     'redux-devtools-log-monitor',
6 verbose install     'rimraf',
6 verbose install     'sass-loader',
6 verbose install     'style-loader',
6 verbose install     'webpack',
6 verbose install     'webpack-dev-middleware',
6 verbose install     'webpack-hot-middleware' ] ]
7 verbose install where, peers [ '/Users/smaharjan/Desktop/Git/ICC-Referral-Client', [] ]
8 verbose installManyTop reading for lifecycle /Users/smaharjan/Desktop/Git/ICC-Referral-Client/package.json
9 info preinstall icc-referral-client@0.0.1
10 verbose installManyTop reading scoped package data from /Users/smaharjan/Desktop/Git/ICC-Referral-Client/node_modules/autoprefixer-loader/package.json
11 verbose installManyTop reading scoped package data from /Users/smaharjan/Desktop/Git/ICC-Referral-Client/node_modules/axios/package.json
12 verbose installManyTop reading scoped package data from /Users/smaharjan/Desktop/Git/ICC-Referral-Client/node_modules/babel-cli/package.json
13 verbose installManyTop reading scoped package data from /Users/smaharjan/Desktop/Git/ICC-Referral-Client/node_modules/babel-core/package.json
14 verbose installManyTop reading scoped package data from /Users/smaharjan/Desktop/Git/ICC-Referral-Client/node_modules/babel-eslint/package.json
15 verbose installManyTop reading scoped package data from /Users/smaharjan/Desktop/Git/ICC-Referral-Client/node_modules/babel-loader/package.json
16 verbose installManyTop reading scoped package data from /Users/smaharjan/Desktop/Git/ICC-Referral-Client/node_modules/babel-plugin-transform-decorators-legacy/package.json
17 verbose installManyTop reading scoped package data from /Users/smaharjan/Desktop/Git/ICC-Referral-Client/node_modules/babel-preset-es2015/package.json
18 verbose installManyTop reading scoped package data from /Users/smaharjan/Desktop/Git/ICC-Referral-Client/node_modules/babel-preset-react/package.json
19 verbose installManyTop reading scoped package data from /Users/smaharjan/Desktop/Git/ICC-Referral-Client/node_modules/babel-preset-react-hmre/package.json
20 verbose installManyTop reading scoped package data from /Users/smaharjan/Desktop/Git/ICC-Referral-Client/node_modules/babel-preset-stage-0/package.json
21 verbose installManyTop reading scoped package data from /Users/smaharjan/Desktop/Git/ICC-Referral-Client/node_modules/babel-register/package.json
22 verbose installManyTop reading scoped package data from /Users/smaharjan/Desktop/Git/ICC-Referral-Client/node_modules/body-parser/package.json
23 verbose installManyTop reading scoped package data from /Users/smaharjan/Desktop/Git/ICC-Referral-Client/node_modules/chai/package.json
24 verbose installManyTop reading scoped package data from /Users/smaharjan/Desktop/Git/ICC-Referral-Client/node_modules/classnames/package.json
25 verbose installManyTop reading scoped package data from /Users/smaharjan/Desktop/Git/ICC-Referral-Client/node_modules/css-loader/package.json
26 verbose installManyTop reading scoped package data from /Users/smaharjan/Desktop/Git/ICC-Referral-Client/node_modules/eslint/package.json
27 verbose installManyTop reading scoped package data from /Users/smaharjan/Desktop/Git/ICC-Referral-Client/node_modules/eslint-config-airbnb/package.json
28 verbose installManyTop reading scoped package data from /Users/smaharjan/Desktop/Git/ICC-Referral-Client/node_modules/eslint-loader/package.json
29 verbose installManyTop reading scoped package data from /Users/smaharjan/Desktop/Git/ICC-Referral-Client/node_modules/eslint-plugin-babel/package.json
30 verbose installManyTop reading scoped package data from /Users/smaharjan/Desktop/Git/ICC-Referral-Client/node_modules/eslint-plugin-react/package.json
31 verbose installManyTop reading scoped package data from /Users/smaharjan/Desktop/Git/ICC-Referral-Client/node_modules/eventsource-polyfill/package.json
32 verbose installManyTop reading scoped package data from /Users/smaharjan/Desktop/Git/ICC-Referral-Client/node_modules/express/package.json
33 verbose installManyTop reading scoped package data from /Users/smaharjan/Desktop/Git/ICC-Referral-Client/node_modules/express-session/package.json
34 verbose installManyTop reading scoped package data from /Users/smaharjan/Desktop/Git/ICC-Referral-Client/node_modules/extract-text-webpack-plugin/package.json
35 verbose installManyTop reading scoped package data from /Users/smaharjan/Desktop/Git/ICC-Referral-Client/node_modules/file-loader/package.json
36 verbose installManyTop reading scoped package data from /Users/smaharjan/Desktop/Git/ICC-Referral-Client/node_modules/griddle-react/package.json
37 verbose installManyTop reading scoped package data from /Users/smaharjan/Desktop/Git/ICC-Referral-Client/node_modules/isparta/package.json
38 verbose installManyTop reading scoped package data from /Users/smaharjan/Desktop/Git/ICC-Referral-Client/node_modules/isparta-instrumenter-loader/package.json
39 verbose installManyTop reading scoped package data from /Users/smaharjan/Desktop/Git/ICC-Referral-Client/node_modules/istanbul/package.json
40 verbose installManyTop reading scoped package data from /Users/smaharjan/Desktop/Git/ICC-Referral-Client/node_modules/joi/package.json
41 verbose installManyTop reading scoped package data from /Users/smaharjan/Desktop/Git/ICC-Referral-Client/node_modules/lodash/package.json
42 verbose installManyTop reading scoped package data from /Users/smaharjan/Desktop/Git/ICC-Referral-Client/node_modules/mocha/package.json
43 verbose installManyTop reading scoped package data from /Users/smaharjan/Desktop/Git/ICC-Referral-Client/node_modules/multireducer/package.json
44 verbose installManyTop reading scoped package data from /Users/smaharjan/Desktop/Git/ICC-Referral-Client/node_modules/node-sass/package.json
45 verbose installManyTop reading scoped package data from /Users/smaharjan/Desktop/Git/ICC-Referral-Client/node_modules/react/package.json
46 verbose installManyTop reading scoped package data from /Users/smaharjan/Desktop/Git/ICC-Referral-Client/node_modules/react-addons/package.json
47 verbose installManyTop reading scoped package data from /Users/smaharjan/Desktop/Git/ICC-Referral-Client/node_modules/react-addons-test-utils/package.json
48 verbose installManyTop reading scoped package data from /Users/smaharjan/Desktop/Git/ICC-Referral-Client/node_modules/react-bootstrap/package.json
49 verbose installManyTop reading scoped package data from /Users/smaharjan/Desktop/Git/ICC-Referral-Client/node_modules/react-dom/package.json
50 verbose installManyTop reading scoped package data from /Users/smaharjan/Desktop/Git/ICC-Referral-Client/node_modules/react-dropdown/package.json
51 verbose installManyTop reading scoped package data from /Users/smaharjan/Desktop/Git/ICC-Referral-Client/node_modules/react-dropzone/package.json
52 verbose installManyTop reading scoped package data from /Users/smaharjan/Desktop/Git/ICC-Referral-Client/node_modules/react-form-data/package.json
53 verbose installManyTop reading scoped package data from /Users/smaharjan/Desktop/Git/ICC-Referral-Client/node_modules/react-jquery-datatables/package.json
54 verbose installManyTop reading scoped package data from /Users/smaharjan/Desktop/Git/ICC-Referral-Client/node_modules/react-mixin/package.json
55 verbose installManyTop reading scoped package data from /Users/smaharjan/Desktop/Git/ICC-Referral-Client/node_modules/react-redux/package.json
56 verbose installManyTop reading scoped package data from /Users/smaharjan/Desktop/Git/ICC-Referral-Client/node_modules/react-router/package.json
57 verbose installManyTop reading scoped package data from /Users/smaharjan/Desktop/Git/ICC-Referral-Client/node_modules/react-router-redux/package.json
58 verbose installManyTop reading scoped package data from /Users/smaharjan/Desktop/Git/ICC-Referral-Client/node_modules/react-select-popover/package.json
59 verbose installManyTop reading scoped package data from /Users/smaharjan/Desktop/Git/ICC-Referral-Client/node_modules/react-validation-mixin/package.json
60 verbose installManyTop reading scoped package data from /Users/smaharjan/Desktop/Git/ICC-Referral-Client/node_modules/react-widgets/package.json
61 verbose installManyTop reading scoped package data from /Users/smaharjan/Desktop/Git/ICC-Referral-Client/node_modules/redux/package.json
62 verbose installManyTop reading scoped package data from /Users/smaharjan/Desktop/Git/ICC-Referral-Client/node_modules/redux-devtools/package.json
63 verbose installManyTop reading scoped package data from /Users/smaharjan/Desktop/Git/ICC-Referral-Client/node_modules/redux-devtools-dock-monitor/package.json
64 verbose installManyTop reading scoped package data from /Users/smaharjan/Desktop/Git/ICC-Referral-Client/node_modules/redux-devtools-log-monitor/package.json
65 verbose installManyTop reading scoped package data from /Users/smaharjan/Desktop/Git/ICC-Referral-Client/node_modules/redux-form/package.json
66 verbose installManyTop reading scoped package data from /Users/smaharjan/Desktop/Git/ICC-Referral-Client/node_modules/redux-logger/package.json
67 verbose installManyTop reading scoped package data from /Users/smaharjan/Desktop/Git/ICC-Referral-Client/node_modules/redux-thunk/package.json
68 verbose installManyTop reading scoped package data from /Users/smaharjan/Desktop/Git/ICC-Referral-Client/node_modules/rimraf/package.json
69 verbose installManyTop reading scoped package data from /Users/smaharjan/Desktop/Git/ICC-Referral-Client/node_modules/sass-loader/package.json
70 verbose installManyTop reading scoped package data from /Users/smaharjan/Desktop/Git/ICC-Referral-Client/node_modules/style-loader/package.json
71 verbose installManyTop reading scoped package data from /Users/smaharjan/Desktop/Git/ICC-Referral-Client/node_modules/url-loader/package.json
72 verbose installManyTop reading scoped package data from /Users/smaharjan/Desktop/Git/ICC-Referral-Client/node_modules/webpack/package.json
73 verbose installManyTop reading scoped package data from /Users/smaharjan/Desktop/Git/ICC-Referral-Client/node_modules/webpack-dev-middleware/package.json
74 verbose installManyTop reading scoped package data from /Users/smaharjan/Desktop/Git/ICC-Referral-Client/node_modules/webpack-hot-middleware/package.json
75 info package.json react-addons@0.9.1-deprecated No license field.
76 info package.json webpack-dev-middleware@1.6.1 No license field.
77 verbose readDependencies loading dependencies from /Users/smaharjan/Desktop/Git/ICC-Referral-Client/package.json
78 verbose targetResolver reading package data from /Users/smaharjan/Desktop/Git/ICC-Referral-Client/node_modules/autoprefixer-loader/package.json
79 verbose targetResolver reading package data from /Users/smaharjan/Desktop/Git/ICC-Referral-Client/node_modules/axios/package.json
80 verbose targetResolver reading package data from /Users/smaharjan/Desktop/Git/ICC-Referral-Client/node_modules/babel-cli/package.json
81 verbose targetResolver reading package data from /Users/smaharjan/Desktop/Git/ICC-Referral-Client/node_modules/babel-core/package.json
82 verbose targetResolver reading package data from /Users/smaharjan/Desktop/Git/ICC-Referral-Client/node_modules/babel-eslint/package.json
83 verbose targetResolver reading package data from /Users/smaharjan/Desktop/Git/ICC-Referral-Client/node_modules/babel-loader/package.json
84 verbose targetResolver reading package data from /Users/smaharjan/Desktop/Git/ICC-Referral-Client/node_modules/babel-plugin-transform-decorators-legacy/package.json
85 verbose targetResolver reading package data from /Users/smaharjan/Desktop/Git/ICC-Referral-Client/node_modules/babel-preset-es2015/package.json
86 verbose targetResolver reading package data from /Users/smaharjan/Desktop/Git/ICC-Referral-Client/node_modules/babel-preset-react/package.json
87 verbose targetResolver reading package data from /Users/smaharjan/Desktop/Git/ICC-Referral-Client/node_modules/babel-preset-react-hmre/package.json
88 verbose targetResolver reading package data from /Users/smaharjan/Desktop/Git/ICC-Referral-Client/node_modules/babel-preset-stage-0/package.json
89 verbose targetResolver reading package data from /Users/smaharjan/Desktop/Git/ICC-Referral-Client/node_modules/babel-register/package.json
90 verbose targetResolver reading package data from /Users/smaharjan/Desktop/Git/ICC-Referral-Client/node_modules/body-parser/package.json
91 verbose targetResolver reading package data from /Users/smaharjan/Desktop/Git/ICC-Referral-Client/node_modules/chai/package.json
92 verbose targetResolver reading package data from /Users/smaharjan/Desktop/Git/ICC-Referral-Client/node_modules/classnames/package.json
93 verbose targetResolver reading package data from /Users/smaharjan/Desktop/Git/ICC-Referral-Client/node_modules/css-loader/package.json
94 verbose targetResolver reading package data from /Users/smaharjan/Desktop/Git/ICC-Referral-Client/node_modules/eslint/package.json
95 verbose targetResolver reading package data from /Users/smaharjan/Desktop/Git/ICC-Referral-Client/node_modules/eslint-config-airbnb/package.json
96 verbose targetResolver reading package data from /Users/smaharjan/Desktop/Git/ICC-Referral-Client/node_modules/eslint-loader/package.json
97 verbose targetResolver reading package data from /Users/smaharjan/Desktop/Git/ICC-Referral-Client/node_modules/eslint-plugin-babel/package.json
98 verbose targetResolver reading package data from /Users/smaharjan/Desktop/Git/ICC-Referral-Client/node_modules/eslint-plugin-react/package.json
99 verbose targetResolver reading package data from /Users/smaharjan/Desktop/Git/ICC-Referral-Client/node_modules/eventsource-polyfill/package.json
100 verbose targetResolver reading package data from /Users/smaharjan/Desktop/Git/ICC-Referral-Client/node_modules/express/package.json
101 verbose targetResolver reading package data from /Users/smaharjan/Desktop/Git/ICC-Referral-Client/node_modules/express-session/package.json
102 verbose targetResolver reading package data from /Users/smaharjan/Desktop/Git/ICC-Referral-Client/node_modules/extract-text-webpack-plugin/package.json
103 verbose targetResolver reading package data from /Users/smaharjan/Desktop/Git/ICC-Referral-Client/node_modules/file-loader/package.json
104 verbose targetResolver reading package data from /Users/smaharjan/Desktop/Git/ICC-Referral-Client/node_modules/griddle-react/package.json
105 verbose targetResolver reading package data from /Users/smaharjan/Desktop/Git/ICC-Referral-Client/node_modules/isparta/package.json
106 verbose targetResolver reading package data from /Users/smaharjan/Desktop/Git/ICC-Referral-Client/node_modules/isparta-instrumenter-loader/package.json
107 verbose targetResolver reading package data from /Users/smaharjan/Desktop/Git/ICC-Referral-Client/node_modules/istanbul/package.json
108 verbose targetResolver reading package data from /Users/smaharjan/Desktop/Git/ICC-Referral-Client/node_modules/joi/package.json
109 verbose targetResolver reading package data from /Users/smaharjan/Desktop/Git/ICC-Referral-Client/node_modules/lodash/package.json
110 verbose targetResolver reading package data from /Users/smaharjan/Desktop/Git/ICC-Referral-Client/node_modules/mocha/package.json
111 verbose targetResolver reading package data from /Users/smaharjan/Desktop/Git/ICC-Referral-Client/node_modules/multireducer/package.json
112 verbose targetResolver reading package data from /Users/smaharjan/Desktop/Git/ICC-Referral-Client/node_modules/node-sass/package.json
113 verbose targetResolver reading package data from /Users/smaharjan/Desktop/Git/ICC-Referral-Client/node_modules/react/package.json
114 verbose targetResolver reading package data from /Users/smaharjan/Desktop/Git/ICC-Referral-Client/node_modules/react-addons/package.json
115 verbose targetResolver reading package data from /Users/smaharjan/Desktop/Git/ICC-Referral-Client/node_modules/react-addons-test-utils/package.json
116 verbose targetResolver reading package data from /Users/smaharjan/Desktop/Git/ICC-Referral-Client/node_modules/react-bootstrap/package.json
117 verbose targetResolver reading package data from /Users/smaharjan/Desktop/Git/ICC-Referral-Client/node_modules/react-dom/package.json
118 verbose targetResolver reading package data from /Users/smaharjan/Desktop/Git/ICC-Referral-Client/node_modules/react-dropdown/package.json
119 verbose targetResolver reading package data from /Users/smaharjan/Desktop/Git/ICC-Referral-Client/node_modules/react-dropzone/package.json
120 verbose targetResolver reading package data from /Users/smaharjan/Desktop/Git/ICC-Referral-Client/node_modules/react-form-data/package.json
121 verbose targetResolver reading package data from /Users/smaharjan/Desktop/Git/ICC-Referral-Client/node_modules/react-jquery-datatables/package.json
122 verbose targetResolver reading package data from /Users/smaharjan/Desktop/Git/ICC-Referral-Client/node_modules/react-mixin/package.json
123 verbose targetResolver reading package data from /Users/smaharjan/Desktop/Git/ICC-Referral-Client/node_modules/react-redux/package.json
124 verbose targetResolver reading package data from /Users/smaharjan/Desktop/Git/ICC-Referral-Client/node_modules/react-router/package.json
125 verbose targetResolver reading package data from /Users/smaharjan/Desktop/Git/ICC-Referral-Client/node_modules/react-router-redux/package.json
126 verbose targetResolver reading package data from /Users/smaharjan/Desktop/Git/ICC-Referral-Client/node_modules/react-select-popover/package.json
127 verbose targetResolver reading package data from /Users/smaharjan/Desktop/Git/ICC-Referral-Client/node_modules/react-validation-mixin/package.json
128 verbose targetResolver reading package data from /Users/smaharjan/Desktop/Git/ICC-Referral-Client/node_modules/react-widgets/package.json
129 verbose targetResolver reading package data from /Users/smaharjan/Desktop/Git/ICC-Referral-Client/node_modules/redux/package.json
130 verbose targetResolver reading package data from /Users/smaharjan/Desktop/Git/ICC-Referral-Client/node_modules/redux-devtools/package.json
131 verbose targetResolver reading package data from /Users/smaharjan/Desktop/Git/ICC-Referral-Client/node_modules/redux-devtools-dock-monitor/package.json
132 verbose targetResolver reading package data from /Users/smaharjan/Desktop/Git/ICC-Referral-Client/node_modules/redux-devtools-log-monitor/package.json
133 verbose targetResolver reading package data from /Users/smaharjan/Desktop/Git/ICC-Referral-Client/node_modules/redux-form/package.json
134 verbose targetResolver reading package data from /Users/smaharjan/Desktop/Git/ICC-Referral-Client/node_modules/redux-logger/package.json
135 verbose targetResolver reading package data from /Users/smaharjan/Desktop/Git/ICC-Referral-Client/node_modules/redux-thunk/package.json
136 verbose targetResolver reading package data from /Users/smaharjan/Desktop/Git/ICC-Referral-Client/node_modules/rimraf/package.json
137 verbose targetResolver reading package data from /Users/smaharjan/Desktop/Git/ICC-Referral-Client/node_modules/sass-loader/package.json
138 verbose targetResolver reading package data from /Users/smaharjan/Desktop/Git/ICC-Referral-Client/node_modules/style-loader/package.json
139 verbose targetResolver reading package data from /Users/smaharjan/Desktop/Git/ICC-Referral-Client/node_modules/url-loader/package.json
140 verbose targetResolver reading package data from /Users/smaharjan/Desktop/Git/ICC-Referral-Client/node_modules/webpack/package.json
141 verbose targetResolver reading package data from /Users/smaharjan/Desktop/Git/ICC-Referral-Client/node_modules/webpack-dev-middleware/package.json
142 verbose targetResolver reading package data from /Users/smaharjan/Desktop/Git/ICC-Referral-Client/node_modules/webpack-hot-middleware/package.json
143 verbose targetResolver reading package data from /Users/smaharjan/Desktop/Git/ICC-Referral-Client/node_modules/.bin/babel/package.json
144 verbose targetResolver reading package data from /Users/smaharjan/Desktop/Git/ICC-Referral-Client/node_modules/.bin/babel-doctor/package.json
145 verbose targetResolver reading package data from /Users/smaharjan/Desktop/Git/ICC-Referral-Client/node_modules/.bin/babel-external-helpers/package.json
146 verbose targetResolver reading package data from /Users/smaharjan/Desktop/Git/ICC-Referral-Client/node_modules/.bin/babel-node/package.json
147 verbose targetResolver reading package data from /Users/smaharjan/Desktop/Git/ICC-Referral-Client/node_modules/.bin/eslint/package.json
148 verbose targetResolver reading package data from /Users/smaharjan/Desktop/Git/ICC-Referral-Client/node_modules/.bin/isparta/package.json
149 verbose targetResolver reading package data from /Users/smaharjan/Desktop/Git/ICC-Referral-Client/node_modules/.bin/istanbul/package.json
150 verbose targetResolver reading package data from /Users/smaharjan/Desktop/Git/ICC-Referral-Client/node_modules/.bin/mocha/package.json
151 verbose targetResolver reading package data from /Users/smaharjan/Desktop/Git/ICC-Referral-Client/node_modules/.bin/node-sass/package.json
152 verbose targetResolver reading package data from /Users/smaharjan/Desktop/Git/ICC-Referral-Client/node_modules/.bin/rimraf/package.json
153 verbose targetResolver reading package data from /Users/smaharjan/Desktop/Git/ICC-Referral-Client/node_modules/.bin/webpack/package.json
154 verbose already installed skipping react-form-data@^0.2.3 /Users/smaharjan/Desktop/Git/ICC-Referral-Client
155 verbose already installed skipping react-jquery-datatables@^0.7.1 /Users/smaharjan/Desktop/Git/ICC-Referral-Client
156 verbose already installed skipping react-mixin@^1.7.0 /Users/smaharjan/Desktop/Git/ICC-Referral-Client
157 verbose already installed skipping react-redux@^4.4.0 /Users/smaharjan/Desktop/Git/ICC-Referral-Client
158 verbose already installed skipping react-router@2.0.0 /Users/smaharjan/Desktop/Git/ICC-Referral-Client
159 verbose already installed skipping react-router-redux@^4.0.0 /Users/smaharjan/Desktop/Git/ICC-Referral-Client
160 verbose already installed skipping react-select-popover@^0.1.1 /Users/smaharjan/Desktop/Git/ICC-Referral-Client
161 verbose already installed skipping react-validation-mixin@^4.2.0 /Users/smaharjan/Desktop/Git/ICC-Referral-Client
162 verbose already installed skipping react-widgets@^3.3.3 /Users/smaharjan/Desktop/Git/ICC-Referral-Client
163 verbose already installed skipping redux@^3.3.1 /Users/smaharjan/Desktop/Git/ICC-Referral-Client
164 verbose already installed skipping redux-form@^4.2.0 /Users/smaharjan/Desktop/Git/ICC-Referral-Client
165 verbose already installed skipping redux-logger@^2.6.1 /Users/smaharjan/Desktop/Git/ICC-Referral-Client
166 verbose already installed skipping redux-thunk@^1.0.0 /Users/smaharjan/Desktop/Git/ICC-Referral-Client
167 verbose already installed skipping url-loader@^0.5.7 /Users/smaharjan/Desktop/Git/ICC-Referral-Client
168 verbose already installed skipping autoprefixer-loader@^3.1.0 /Users/smaharjan/Desktop/Git/ICC-Referral-Client
169 verbose already installed skipping babel-cli@^6.11.4 /Users/smaharjan/Desktop/Git/ICC-Referral-Client
170 verbose already installed skipping babel-core@^6.5.2 /Users/smaharjan/Desktop/Git/ICC-Referral-Client
171 verbose already installed skipping babel-eslint@^5.0.0-beta10 /Users/smaharjan/Desktop/Git/ICC-Referral-Client
172 verbose already installed skipping babel-loader@^6.2.2 /Users/smaharjan/Desktop/Git/ICC-Referral-Client
173 verbose already installed skipping babel-plugin-transform-decorators-legacy@^1.3.4 /Users/smaharjan/Desktop/Git/ICC-Referral-Client
174 verbose already installed skipping babel-preset-es2015@^6.3.13 /Users/smaharjan/Desktop/Git/ICC-Referral-Client
175 verbose already installed skipping babel-preset-react@^6.3.13 /Users/smaharjan/Desktop/Git/ICC-Referral-Client
176 verbose already installed skipping babel-preset-react-hmre@^1.0.0 /Users/smaharjan/Desktop/Git/ICC-Referral-Client
177 verbose already installed skipping babel-preset-stage-0@^6.5.0 /Users/smaharjan/Desktop/Git/ICC-Referral-Client
178 verbose already installed skipping babel-register@^6.5.2 /Users/smaharjan/Desktop/Git/ICC-Referral-Client
179 verbose already installed skipping body-parser@^1.14.1 /Users/smaharjan/Desktop/Git/ICC-Referral-Client
180 verbose already installed skipping chai@^3.5.0 /Users/smaharjan/Desktop/Git/ICC-Referral-Client
181 verbose already installed skipping css-loader@^0.23.1 /Users/smaharjan/Desktop/Git/ICC-Referral-Client
182 verbose already installed skipping eslint@^1.10.3 /Users/smaharjan/Desktop/Git/ICC-Referral-Client
183 verbose already installed skipping eslint-config-airbnb@^5.0.1 /Users/smaharjan/Desktop/Git/ICC-Referral-Client
184 verbose already installed skipping eslint-loader@^1.2.0 /Users/smaharjan/Desktop/Git/ICC-Referral-Client
185 verbose already installed skipping eslint-plugin-babel@^3.0.0 /Users/smaharjan/Desktop/Git/ICC-Referral-Client
186 verbose already installed skipping eslint-plugin-react@^3.11.3 /Users/smaharjan/Desktop/Git/ICC-Referral-Client
187 verbose already installed skipping eventsource-polyfill@^0.9.6 /Users/smaharjan/Desktop/Git/ICC-Referral-Client
188 verbose already installed skipping express@^4.13.3 /Users/smaharjan/Desktop/Git/ICC-Referral-Client
189 verbose already installed skipping express-session@^1.11.3 /Users/smaharjan/Desktop/Git/ICC-Referral-Client
190 verbose already installed skipping extract-text-webpack-plugin@^1.0.1 /Users/smaharjan/Desktop/Git/ICC-Referral-Client
191 verbose already installed skipping file-loader@^0.8.4 /Users/smaharjan/Desktop/Git/ICC-Referral-Client
192 verbose already installed skipping isparta@^4.0.0 /Users/smaharjan/Desktop/Git/ICC-Referral-Client
193 verbose already installed skipping isparta-instrumenter-loader@^1.0.1 /Users/smaharjan/Desktop/Git/ICC-Referral-Client
194 verbose already installed skipping istanbul@^0.4.4 /Users/smaharjan/Desktop/Git/ICC-Referral-Client
195 verbose already installed skipping mocha@^3.0.0 /Users/smaharjan/Desktop/Git/ICC-Referral-Client
196 verbose already installed skipping node-sass@^3.3.3 /Users/smaharjan/Desktop/Git/ICC-Referral-Client
197 verbose already installed skipping redux-devtools@^3.1.1 /Users/smaharjan/Desktop/Git/ICC-Referral-Client
198 verbose already installed skipping redux-devtools-dock-monitor@^1.0.1 /Users/smaharjan/Desktop/Git/ICC-Referral-Client
199 verbose already installed skipping redux-devtools-log-monitor@^1.0.4 /Users/smaharjan/Desktop/Git/ICC-Referral-Client
200 verbose already installed skipping rimraf@^2.4.3 /Users/smaharjan/Desktop/Git/ICC-Referral-Client
201 verbose already installed skipping sass-loader@^3.0.0 /Users/smaharjan/Desktop/Git/ICC-Referral-Client
202 verbose already installed skipping style-loader@^0.13.0 /Users/smaharjan/Desktop/Git/ICC-Referral-Client
203 verbose already installed skipping webpack@^1.12.9 /Users/smaharjan/Desktop/Git/ICC-Referral-Client
204 verbose already installed skipping webpack-dev-middleware@^1.4.0 /Users/smaharjan/Desktop/Git/ICC-Referral-Client
205 verbose already installed skipping webpack-hot-middleware@^2.6.0 /Users/smaharjan/Desktop/Git/ICC-Referral-Client
206 verbose already installed skipping axios@^0.9.1 /Users/smaharjan/Desktop/Git/ICC-Referral-Client
207 verbose already installed skipping classnames@^2.1.5 /Users/smaharjan/Desktop/Git/ICC-Referral-Client
208 verbose already installed skipping griddle-react@^0.6.1 /Users/smaharjan/Desktop/Git/ICC-Referral-Client
209 verbose already installed skipping joi@^9.0.4 /Users/smaharjan/Desktop/Git/ICC-Referral-Client
210 verbose already installed skipping lodash@^4.13.1 /Users/smaharjan/Desktop/Git/ICC-Referral-Client
211 verbose already installed skipping multireducer@^2.0.0 /Users/smaharjan/Desktop/Git/ICC-Referral-Client
212 verbose already installed skipping react@^0.14.0 /Users/smaharjan/Desktop/Git/ICC-Referral-Client
213 verbose already installed skipping react-addons@^0.9.1-deprecated /Users/smaharjan/Desktop/Git/ICC-Referral-Client
214 verbose already installed skipping react-bootstrap@^0.28.5 /Users/smaharjan/Desktop/Git/ICC-Referral-Client
215 verbose already installed skipping react-dom@^0.14.0 /Users/smaharjan/Desktop/Git/ICC-Referral-Client
216 verbose already installed skipping react-dropdown@^1.0.4 /Users/smaharjan/Desktop/Git/ICC-Referral-Client
217 verbose already installed skipping react-dropzone@^2.2.4 /Users/smaharjan/Desktop/Git/ICC-Referral-Client
218 silly install resolved []
219 info build /Users/smaharjan/Desktop/Git/ICC-Referral-Client
220 info linkStuff icc-referral-client@0.0.1
221 silly linkStuff icc-referral-client@0.0.1 has /Users/smaharjan/Desktop/Git as its parent node_modules
222 verbose linkBins icc-referral-client@0.0.1
223 verbose linkMans icc-referral-client@0.0.1
224 verbose rebuildBundles icc-referral-client@0.0.1
225 verbose rebuildBundles [ '.bin',
225 verbose rebuildBundles   'autoprefixer-loader',
225 verbose rebuildBundles   'axios',
225 verbose rebuildBundles   'babel-cli',
225 verbose rebuildBundles   'babel-core',
225 verbose rebuildBundles   'babel-eslint',
225 verbose rebuildBundles   'babel-loader',
225 verbose rebuildBundles   'babel-plugin-transform-decorators-legacy',
225 verbose rebuildBundles   'babel-preset-es2015',
225 verbose rebuildBundles   'babel-preset-react',
225 verbose rebuildBundles   'babel-preset-react-hmre',
225 verbose rebuildBundles   'babel-preset-stage-0',
225 verbose rebuildBundles   'babel-register',
225 verbose rebuildBundles   'body-parser',
225 verbose rebuildBundles   'chai',
225 verbose rebuildBundles   'classnames',
225 verbose rebuildBundles   'css-loader',
225 verbose rebuildBundles   'eslint',
225 verbose rebuildBundles   'eslint-config-airbnb',
225 verbose rebuildBundles   'eslint-loader',
225 verbose rebuildBundles   'eslint-plugin-babel',
225 verbose rebuildBundles   'eslint-plugin-react',
225 verbose rebuildBundles   'eventsource-polyfill',
225 verbose rebuildBundles   'express',
225 verbose rebuildBundles   'express-session',
225 verbose rebuildBundles   'extract-text-webpack-plugin',
225 verbose rebuildBundles   'file-loader',
225 verbose rebuildBundles   'griddle-react',
225 verbose rebuildBundles   'isparta',
225 verbose rebuildBundles   'isparta-instrumenter-loader',
225 verbose rebuildBundles   'istanbul',
225 verbose rebuildBundles   'joi',
225 verbose rebuildBundles   'lodash',
225 verbose rebuildBundles   'mocha',
225 verbose rebuildBundles   'multireducer',
225 verbose rebuildBundles   'node-sass',
225 verbose rebuildBundles   'react',
225 verbose rebuildBundles   'react-addons',
225 verbose rebuildBundles   'react-addons-test-utils',
225 verbose rebuildBundles   'react-bootstrap',
225 verbose rebuildBundles   'react-dom',
225 verbose rebuildBundles   'react-dropdown',
225 verbose rebuildBundles   'react-dropzone',
225 verbose rebuildBundles   'react-form-data',
225 verbose rebuildBundles   'react-jquery-datatables',
225 verbose rebuildBundles   'react-mixin',
225 verbose rebuildBundles   'react-redux',
225 verbose rebuildBundles   'react-router',
225 verbose rebuildBundles   'react-router-redux',
225 verbose rebuildBundles   'react-select-popover',
225 verbose rebuildBundles   'react-validation-mixin',
225 verbose rebuildBundles   'react-widgets',
225 verbose rebuildBundles   'redux',
225 verbose rebuildBundles   'redux-devtools',
225 verbose rebuildBundles   'redux-devtools-dock-monitor',
225 verbose rebuildBundles   'redux-devtools-log-monitor',
225 verbose rebuildBundles   'redux-form',
225 verbose rebuildBundles   'redux-logger',
225 verbose rebuildBundles   'redux-thunk',
225 verbose rebuildBundles   'rimraf',
225 verbose rebuildBundles   'sass-loader',
225 verbose rebuildBundles   'style-loader',
225 verbose rebuildBundles   'url-loader',
225 verbose rebuildBundles   'webpack',
225 verbose rebuildBundles   'webpack-dev-middleware',
225 verbose rebuildBundles   'webpack-hot-middleware' ]
226 verbose rebuild bundle /Users/smaharjan/Desktop/Git/ICC-Referral-Client/node_modules/react-addons-test-utils
227 info build /Users/smaharjan/Desktop/Git/ICC-Referral-Client/node_modules/react-addons-test-utils
228 info preinstall react-addons-test-utils@15.3.0
229 info linkStuff react-addons-test-utils@15.3.0
230 silly linkStuff react-addons-test-utils@15.3.0 has /Users/smaharjan/Desktop/Git/ICC-Referral-Client/node_modules as its parent node_modules
231 verbose linkBins react-addons-test-utils@15.3.0
232 verbose linkMans react-addons-test-utils@15.3.0
233 verbose rebuildBundles react-addons-test-utils@15.3.0
234 info install react-addons-test-utils@15.3.0
235 info postinstall react-addons-test-utils@15.3.0
236 info install icc-referral-client@0.0.1
237 info postinstall icc-referral-client@0.0.1
238 info prepublish icc-referral-client@0.0.1
239 verbose validateInstall loading /Users/smaharjan/Desktop/Git/ICC-Referral-Client/package.json for validation
240 verbose stack Error: The package react@0.14.8 does not satisfy its siblings' peerDependencies requirements!
240 verbose stack     at /usr/local/lib/node_modules/npm/lib/install.js:125:32
240 verbose stack     at /usr/local/lib/node_modules/npm/lib/install.js:268:7
240 verbose stack     at /usr/local/lib/node_modules/npm/node_modules/read-installed/read-installed.js:142:5
240 verbose stack     at /usr/local/lib/node_modules/npm/node_modules/read-installed/read-installed.js:263:14
240 verbose stack     at cb (/usr/local/lib/node_modules/npm/node_modules/slide/lib/async-map.js:47:24)
240 verbose stack     at /usr/local/lib/node_modules/npm/node_modules/read-installed/read-installed.js:263:14
240 verbose stack     at cb (/usr/local/lib/node_modules/npm/node_modules/slide/lib/async-map.js:47:24)
240 verbose stack     at /usr/local/lib/node_modules/npm/node_modules/read-installed/read-installed.js:263:14
240 verbose stack     at cb (/usr/local/lib/node_modules/npm/node_modules/slide/lib/async-map.js:47:24)
240 verbose stack     at /usr/local/lib/node_modules/npm/node_modules/read-installed/read-installed.js:263:14
241 verbose cwd /Users/smaharjan/Desktop/Git/ICC-Referral-Client
242 error Darwin 14.5.0
243 error argv "/usr/local/bin/node" "/usr/local/bin/npm" "install"
244 error node v4.4.5
245 error npm  v2.15.5
246 error code EPEERINVALID
247 error peerinvalid The package react@0.14.8 does not satisfy its siblings' peerDependencies requirements!
247 error peerinvalid Peer griddle-react@0.6.1 wants react@^0.14.3 || ^15.0.1
247 error peerinvalid Peer react-addons@0.9.1-deprecated wants react@>= 0.9.0
247 error peerinvalid Peer react-bootstrap@0.28.5 wants react@>=0.14.0
247 error peerinvalid Peer react-dom@0.14.8 wants react@^0.14.8
247 error peerinvalid Peer react-dropdown@1.1.0 wants react@^0.14.7 || ^15.0.0-0
247 error peerinvalid Peer react-dropzone@2.2.4 wants react@>=0.13
247 error peerinvalid Peer react-form-data@0.2.3 wants react@>=0.11.1
247 error peerinvalid Peer react-jquery-datatables@0.7.1 wants react@^0.14.1
247 error peerinvalid Peer react-redux@4.4.5 wants react@^0.14.0 || ^15.0.0-0
247 error peerinvalid Peer react-select-popover@0.1.1 wants react@^0.14.2
247 error peerinvalid Peer react-widgets@3.4.3 wants react@^0.14.0 || ^15.0.0
247 error peerinvalid Peer react-addons-test-utils@15.3.0 wants react@^15.3.0
247 error peerinvalid Peer redux-devtools@3.3.1 wants react@^0.14.0 || ^15.0.0-rc.1
247 error peerinvalid Peer redux-devtools-log-monitor@1.0.11 wants react@^0.14.0 || ^15.0.0-0
247 error peerinvalid Peer redux-devtools-dock-monitor@1.1.1 wants react@^0.14.0 || ^15.0.0-0
248 verbose exit [ 1, true ]
